# JRE version: Java(TM) SE Runtime Environment (16.0.2+7) (build 16.0.2+7-67)
# Java VM: Java HotSpot(TM) 64-Bit Server VM (16.0.2+7-67, mixed mode, sharing, tiered, compressed oops, compressed class ptrs, parallel gc, windows-amd64)
GC Precious Log:
 CPUs: 8 total, 8 available
 Memory: 8130M
 Large Page Support: Disabled
 NUMA Support: Disabled
 Compressed Oops: Enabled (32-bit)
 Alignments: Space 512K, Generation 512K, Heap 2M
 Heap Min Capacity: 100M
 Heap Initial Capacity: 100M
 Heap Max Capacity: 1G
 Pre-touch: Disabled
 Parallel Workers: 8
Heap:
 PSYoungGen      total 6656K, used 875K [0x00000000eab00000, 0x00000000eb900000, 0x0000000100000000)
  eden space 5632K, 0% used [0x00000000eab00000,0x00000000eab00000,0x00000000eb080000)
  from space 1024K, 85% used [0x00000000eb800000,0x00000000eb8daf78,0x00000000eb900000)
  to   space 3072K, 0% used [0x00000000eb300000,0x00000000eb300000,0x00000000eb600000)
 ParOldGen       total 334336K, used 333336K [0x00000000c0000000, 0x00000000d4680000, 0x00000000eab00000)
  object space 334336K, 99% used [0x00000000c0000000,0x00000000d4586280,0x00000000d4680000)
 Metaspace       used 80004K, committed 80960K, reserved 1130496K
  class space    used 7362K, committed 7808K, reserved 1048576K
GC Heap History (20 events):
Event: 11634.499 GC heap after
{Heap after GC invocations=33163 (full 597):
 PSYoungGen      total 4096K, used 1024K [0x00000000eab00000, 0x00000000eb200000, 0x0000000100000000)
  eden space 3072K, 0% used [0x00000000eab00000,0x00000000eab00000,0x00000000eae00000)
  from space 1024K, 100% used [0x00000000eae00000,0x00000000eaf00000,0x00000000eaf00000)
  to   space 2048K, 0% used [0x00000000eb000000,0x00000000eb000000,0x00000000eb200000)
 ParOldGen       total 334336K, used 313929K [0x00000000c0000000, 0x00000000d4680000, 0x00000000eab00000)
  object space 334336K, 93% used [0x00000000c0000000,0x00000000d3292700,0x00000000d4680000)
 Metaspace       used 80004K, committed 80960K, reserved 1130496K
  class space    used 7362K, committed 7808K, reserved 1048576K
}
Event: 11634.508 GC heap before
{Heap before GC invocations=33164 (full 597):
 PSYoungGen      total 4096K, used 4096K [0x00000000eab00000, 0x00000000eb200000, 0x0000000100000000)
  eden space 3072K, 100% used [0x00000000eab00000,0x00000000eae00000,0x00000000eae00000)
  from space 1024K, 100% used [0x00000000eae00000,0x00000000eaf00000,0x00000000eaf00000)
  to   space 2048K, 0% used [0x00000000eb000000,0x00000000eb000000,0x00000000eb200000)
 ParOldGen       total 334336K, used 313929K [0x00000000c0000000, 0x00000000d4680000, 0x00000000eab00000)
  object space 334336K, 93% used [0x00000000c0000000,0x00000000d3292700,0x00000000d4680000)
 Metaspace       used 80004K, committed 80960K, reserved 1130496K
  class space    used 7362K, committed 7808K, reserved 1048576K
}
Event: 11634.510 GC heap after
{Heap after GC invocations=33164 (full 597):
 PSYoungGen      total 5120K, used 1532K [0x00000000eab00000, 0x00000000eb200000, 0x0000000100000000)
  eden space 3072K, 0% used [0x00000000eab00000,0x00000000eab00000,0x00000000eae00000)
  from space 2048K, 74% used [0x00000000eb000000,0x00000000eb17f280,0x00000000eb200000)
  to   space 2048K, 0% used [0x00000000eae00000,0x00000000eae00000,0x00000000eb000000)
 ParOldGen       total 334336K, used 314961K [0x00000000c0000000, 0x00000000d4680000, 0x00000000eab00000)
  object space 334336K, 94% used [0x00000000c0000000,0x00000000d3394710,0x00000000d4680000)
 Metaspace       used 80004K, committed 80960K, reserved 1130496K
  class space    used 7362K, committed 7808K, reserved 1048576K
}
Event: 11634.521 GC heap before
{Heap before GC invocations=33165 (full 597):
 PSYoungGen      total 5120K, used 4604K [0x00000000eab00000, 0x00000000eb200000, 0x0000000100000000)
  eden space 3072K, 99% used [0x00000000eab00000,0x00000000eadfffd0,0x00000000eae00000)
  from space 2048K, 74% used [0x00000000eb000000,0x00000000eb17f280,0x00000000eb200000)
  to   space 2048K, 0% used [0x00000000eae00000,0x00000000eae00000,0x00000000eb000000)
 ParOldGen       total 334336K, used 314961K [0x00000000c0000000, 0x00000000d4680000, 0x00000000eab00000)
  object space 334336K, 94% used [0x00000000c0000000,0x00000000d3394710,0x00000000d4680000)
 Metaspace       used 80004K, committed 80960K, reserved 1130496K
  class space    used 7362K, committed 7808K, reserved 1048576K
}
Event: 11634.523 GC heap after
{Heap after GC invocations=33165 (full 597):
 PSYoungGen      total 5120K, used 2048K [0x00000000eab00000, 0x00000000eb900000, 0x0000000100000000)
  eden space 3072K, 0% used [0x00000000eab00000,0x00000000eab00000,0x00000000eae00000)
  from space 2048K, 100% used [0x00000000eae00000,0x00000000eb000000,0x00000000eb000000)
  to   space 5120K, 0% used [0x00000000eb400000,0x00000000eb400000,0x00000000eb900000)
 ParOldGen       total 334336K, used 317222K [0x00000000c0000000, 0x00000000d4680000, 0x00000000eab00000)
  object space 334336K, 94% used [0x00000000c0000000,0x00000000d35c9940,0x00000000d4680000)
 Metaspace       used 80004K, committed 80960K, reserved 1130496K
  class space    used 7362K, committed 7808K, reserved 1048576K
}
Event: 11634.531 GC heap before
{Heap before GC invocations=33166 (full 597):
 PSYoungGen      total 5120K, used 5120K [0x00000000eab00000, 0x00000000eb900000, 0x0000000100000000)
  eden space 3072K, 100% used [0x00000000eab00000,0x00000000eae00000,0x00000000eae00000)
  from space 2048K, 100% used [0x00000000eae00000,0x00000000eb000000,0x00000000eb000000)
  to   space 5120K, 0% used [0x00000000eb400000,0x00000000eb400000,0x00000000eb900000)
 ParOldGen       total 334336K, used 317222K [0x00000000c0000000, 0x00000000d4680000, 0x00000000eab00000)
  object space 334336K, 94% used [0x00000000c0000000,0x00000000d35c9940,0x00000000d4680000)
 Metaspace       used 80004K, committed 80960K, reserved 1130496K
  class space    used 7362K, committed 7808K, reserved 1048576K
}
Event: 11634.533 GC heap after
{Heap after GC invocations=33166 (full 597):
 PSYoungGen      total 6656K, used 2123K [0x00000000eab00000, 0x00000000eb680000, 0x0000000100000000)
  eden space 4096K, 0% used [0x00000000eab00000,0x00000000eab00000,0x00000000eaf00000)
  from space 2560K, 82% used [0x00000000eb400000,0x00000000eb612f78,0x00000000eb680000)
  to   space 3072K, 0% used [0x00000000eb080000,0x00000000eb080000,0x00000000eb380000)
 ParOldGen       total 334336K, used 319318K [0x00000000c0000000, 0x00000000d4680000, 0x00000000eab00000)
  object space 334336K, 95% used [0x00000000c0000000,0x00000000d37d5940,0x00000000d4680000)
 Metaspace       used 80004K, committed 80960K, reserved 1130496K
  class space    used 7362K, committed 7808K, reserved 1048576K
}
Event: 11634.544 GC heap before
{Heap before GC invocations=33167 (full 597):
 PSYoungGen      total 6656K, used 6219K [0x00000000eab00000, 0x00000000eb680000, 0x0000000100000000)
  eden space 4096K, 100% used [0x00000000eab00000,0x00000000eaf00000,0x00000000eaf00000)
  from space 2560K, 82% used [0x00000000eb400000,0x00000000eb612f78,0x00000000eb680000)
  to   space 3072K, 0% used [0x00000000eb080000,0x00000000eb080000,0x00000000eb380000)
 ParOldGen       total 334336K, used 319318K [0x00000000c0000000, 0x00000000d4680000, 0x00000000eab00000)
  object space 334336K, 95% used [0x00000000c0000000,0x00000000d37d5940,0x00000000d4680000)
 Metaspace       used 80004K, committed 80960K, reserved 1130496K
  class space    used 7362K, committed 7808K, reserved 1048576K
}
Event: 11634.546 GC heap after
{Heap after GC invocations=33167 (full 597):
 PSYoungGen      total 7168K, used 1563K [0x00000000eab00000, 0x00000000eb480000, 0x0000000100000000)
  eden space 5120K, 0% used [0x00000000eab00000,0x00000000eab00000,0x00000000eb000000)
  from space 2048K, 76% used [0x00000000eb080000,0x00000000eb206f88,0x00000000eb280000)
  to   space 2048K, 0% used [0x00000000eb280000,0x00000000eb280000,0x00000000eb480000)
 ParOldGen       total 334336K, used 321284K [0x00000000c0000000, 0x00000000d4680000, 0x00000000eab00000)
  object space 334336K, 96% used [0x00000000c0000000,0x00000000d39c11b8,0x00000000d4680000)
 Metaspace       used 80004K, committed 80960K, reserved 1130496K
  class space    used 7362K, committed 7808K, reserved 1048576K
}
Event: 11634.556 GC heap before
{Heap before GC invocations=33168 (full 597):
 PSYoungGen      total 7168K, used 6683K [0x00000000eab00000, 0x00000000eb480000, 0x0000000100000000)
  eden space 5120K, 99% used [0x00000000eab00000,0x00000000eafffff0,0x00000000eb000000)
  from space 2048K, 76% used [0x00000000eb080000,0x00000000eb206f88,0x00000000eb280000)
  to   space 2048K, 0% used [0x00000000eb280000,0x00000000eb280000,0x00000000eb480000)
 ParOldGen       total 334336K, used 321284K [0x00000000c0000000, 0x00000000d4680000, 0x00000000eab00000)
  object space 334336K, 96% used [0x00000000c0000000,0x00000000d39c11b8,0x00000000d4680000)
 Metaspace       used 80004K, committed 80960K, reserved 1130496K
  class space    used 7362K, committed 7808K, reserved 1048576K
}
Event: 11634.559 GC heap after
{Heap after GC invocations=33168 (full 597):
 PSYoungGen      total 5632K, used 2042K [0x00000000eab00000, 0x00000000eb900000, 0x0000000100000000)
  eden space 3584K, 0% used [0x00000000eab00000,0x00000000eab00000,0x00000000eae80000)
  from space 2048K, 99% used [0x00000000eb280000,0x00000000eb47e900,0x00000000eb480000)
  to   space 4096K, 0% used [0x00000000eae80000,0x00000000eae80000,0x00000000eb280000)
 ParOldGen       total 334336K, used 322716K [0x00000000c0000000, 0x00000000d4680000, 0x00000000eab00000)
  object space 334336K, 96% used [0x00000000c0000000,0x00000000d3b270c8,0x00000000d4680000)
 Metaspace       used 80004K, committed 80960K, reserved 1130496K
  class space    used 7362K, committed 7808K, reserved 1048576K
}
Event: 11634.563 GC heap before
{Heap before GC invocations=33169 (full 597):
 PSYoungGen      total 5632K, used 5626K [0x00000000eab00000, 0x00000000eb900000, 0x0000000100000000)
  eden space 3584K, 100% used [0x00000000eab00000,0x00000000eae80000,0x00000000eae80000)
  from space 2048K, 99% used [0x00000000eb280000,0x00000000eb47e900,0x00000000eb480000)
  to   space 4096K, 0% used [0x00000000eae80000,0x00000000eae80000,0x00000000eb280000)
 ParOldGen       total 334336K, used 322716K [0x00000000c0000000, 0x00000000d4680000, 0x00000000eab00000)
  object space 334336K, 96% used [0x00000000c0000000,0x00000000d3b270c8,0x00000000d4680000)
 Metaspace       used 80004K, committed 80960K, reserved 1130496K
  class space    used 7362K, committed 7808K, reserved 1048576K
}
Event: 11634.566 GC heap after
{Heap after GC invocations=33169 (full 597):
 PSYoungGen      total 7680K, used 2866K [0x00000000eab00000, 0x00000000eb680000, 0x0000000100000000)
  eden space 3584K, 0% used [0x00000000eab00000,0x00000000eab00000,0x00000000eae80000)
  from space 4096K, 69% used [0x00000000eae80000,0x00000000eb14cbd8,0x00000000eb280000)
  to   space 3584K, 0% used [0x00000000eb300000,0x00000000eb300000,0x00000000eb680000)
 ParOldGen       total 334336K, used 324724K [0x00000000c0000000, 0x00000000d4680000, 0x00000000eab00000)
  object space 334336K, 97% used [0x00000000c0000000,0x00000000d3d1d3b8,0x00000000d4680000)
 Metaspace       used 80004K, committed 80960K, reserved 1130496K
  class space    used 7362K, committed 7808K, reserved 1048576K
}
Event: 11634.569 GC heap before
{Heap before GC invocations=33170 (full 597):
 PSYoungGen      total 7680K, used 6450K [0x00000000eab00000, 0x00000000eb680000, 0x0000000100000000)
  eden space 3584K, 100% used [0x00000000eab00000,0x00000000eae80000,0x00000000eae80000)
  from space 4096K, 69% used [0x00000000eae80000,0x00000000eb14cbd8,0x00000000eb280000)
  to   space 3584K, 0% used [0x00000000eb300000,0x00000000eb300000,0x00000000eb680000)
 ParOldGen       total 334336K, used 324724K [0x00000000c0000000, 0x00000000d4680000, 0x00000000eab00000)
  object space 334336K, 97% used [0x00000000c0000000,0x00000000d3d1d3b8,0x00000000d4680000)
 Metaspace       used 80004K, committed 80960K, reserved 1130496K
  class space    used 7362K, committed 7808K, reserved 1048576K
}
Event: 11634.572 GC heap after
{Heap after GC invocations=33170 (full 597):
 PSYoungGen      total 8192K, used 3223K [0x00000000eab00000, 0x00000000eb680000, 0x0000000100000000)
  eden space 4608K, 0% used [0x00000000eab00000,0x00000000eab00000,0x00000000eaf80000)
  from space 3584K, 89% used [0x00000000eb300000,0x00000000eb625e40,0x00000000eb680000)
  to   space 3584K, 0% used [0x00000000eaf80000,0x00000000eaf80000,0x00000000eb300000)
 ParOldGen       total 334336K, used 327472K [0x00000000c0000000, 0x00000000d4680000, 0x00000000eab00000)
  object space 334336K, 97% used [0x00000000c0000000,0x00000000d3fcc290,0x00000000d4680000)
 Metaspace       used 80004K, committed 80960K, reserved 1130496K
  class space    used 7362K, committed 7808K, reserved 1048576K
}
Event: 11634.583 GC heap before
{Heap before GC invocations=33171 (full 597):
 PSYoungGen      total 8192K, used 7831K [0x00000000eab00000, 0x00000000eb680000, 0x0000000100000000)
  eden space 4608K, 100% used [0x00000000eab00000,0x00000000eaf80000,0x00000000eaf80000)
  from space 3584K, 89% used [0x00000000eb300000,0x00000000eb625e40,0x00000000eb680000)
  to   space 3584K, 0% used [0x00000000eaf80000,0x00000000eaf80000,0x00000000eb300000)
 ParOldGen       total 334336K, used 327472K [0x00000000c0000000, 0x00000000d4680000, 0x00000000eab00000)
  object space 334336K, 97% used [0x00000000c0000000,0x00000000d3fcc290,0x00000000d4680000)
 Metaspace       used 80004K, committed 80960K, reserved 1130496K
  class space    used 7362K, committed 7808K, reserved 1048576K
}
Event: 11634.587 GC heap after
{Heap after GC invocations=33171 (full 597):
 PSYoungGen      total 8192K, used 3577K [0x00000000eab00000, 0x00000000ebf80000, 0x0000000100000000)
  eden space 4608K, 0% used [0x00000000eab00000,0x00000000eab00000,0x00000000eaf80000)
  from space 3584K, 99% used [0x00000000eaf80000,0x00000000eb2fe6f0,0x00000000eb300000)
  to   space 7680K, 0% used [0x00000000eb800000,0x00000000eb800000,0x00000000ebf80000)
 ParOldGen       total 334336K, used 330704K [0x00000000c0000000, 0x00000000d4680000, 0x00000000eab00000)
  object space 334336K, 98% used [0x00000000c0000000,0x00000000d42f4280,0x00000000d4680000)
 Metaspace       used 80004K, committed 80960K, reserved 1130496K
  class space    used 7362K, committed 7808K, reserved 1048576K
}
Event: 11634.918 GC heap before
{Heap before GC invocations=33172 (full 597):
 PSYoungGen      total 8192K, used 8185K [0x00000000eab00000, 0x00000000ebf80000, 0x0000000100000000)
  eden space 4608K, 99% used [0x00000000eab00000,0x00000000eaf7fff0,0x00000000eaf80000)
  from space 3584K, 99% used [0x00000000eaf80000,0x00000000eb2fe6f0,0x00000000eb300000)
  to   space 7680K, 0% used [0x00000000eb800000,0x00000000eb800000,0x00000000ebf80000)
 ParOldGen       total 334336K, used 330704K [0x00000000c0000000, 0x00000000d4680000, 0x00000000eab00000)
  object space 334336K, 98% used [0x00000000c0000000,0x00000000d42f4280,0x00000000d4680000)
 Metaspace       used 80004K, committed 80960K, reserved 1130496K
  class space    used 7362K, committed 7808K, reserved 1048576K
}
Event: 11634.922 GC heap after
{Heap after GC invocations=33172 (full 597):
 PSYoungGen      total 6656K, used 875K [0x00000000eab00000, 0x00000000eb900000, 0x0000000100000000)
  eden space 5632K, 0% used [0x00000000eab00000,0x00000000eab00000,0x00000000eb080000)
  from space 1024K, 85% used [0x00000000eb800000,0x00000000eb8daf78,0x00000000eb900000)
  to   space 3072K, 0% used [0x00000000eb300000,0x00000000eb300000,0x00000000eb600000)
 ParOldGen       total 334336K, used 333336K [0x00000000c0000000, 0x00000000d4680000, 0x00000000eab00000)
  object space 334336K, 99% used [0x00000000c0000000,0x00000000d4586280,0x00000000d4680000)
 Metaspace       used 80004K, committed 80960K, reserved 1130496K
  class space    used 7362K, committed 7808K, reserved 1048576K
}
Event: 11634.922 GC heap before
{Heap before GC invocations=33173 (full 598):
 PSYoungGen      total 6656K, used 875K [0x00000000eab00000, 0x00000000eb900000, 0x0000000100000000)
  eden space 5632K, 0% used [0x00000000eab00000,0x00000000eab00000,0x00000000eb080000)
  from space 1024K, 85% used [0x00000000eb800000,0x00000000eb8daf78,0x00000000eb900000)
  to   space 3072K, 0% used [0x00000000eb300000,0x00000000eb300000,0x00000000eb600000)
 ParOldGen       total 334336K, used 333336K [0x00000000c0000000, 0x00000000d4680000, 0x00000000eab00000)
  object space 334336K, 99% used [0x00000000c0000000,0x00000000d4586280,0x00000000d4680000)
 Metaspace       used 80004K, committed 80960K, reserved 1130496K
  class space    used 7362K, committed 7808K, reserved 1048576K
}

